C:\USERS\ISABELLEA.C\DOCUMENTS\UNIVERSITé\LOGICIELS ET MATERIELS GRAPHIQUES\PROJET\BASEOPENGL\BASEOPENGL\DEBUG\BASEOPENGL.PCH
C:\USERS\ISABELLEA.C\DOCUMENTS\UNIVERSITé\LOGICIELS ET MATERIELS GRAPHIQUES\PROJET\BASEOPENGL\BASEOPENGL\DEBUG\STDAFX.OBJ
C:\USERS\ISABELLEA.C\DOCUMENTS\UNIVERSITÉ\LOGICIELS ET MATERIELS GRAPHIQUES\PROJET\BASEOPENGL\BASEOPENGL\DEBUG\VC110.PDB
C:\USERS\ISABELLEA.C\DOCUMENTS\UNIVERSITé\LOGICIELS ET MATERIELS GRAPHIQUES\PROJET\BASEOPENGL\BASEOPENGL\DEBUG\BASEOPENGL.OBJ
C:\USERS\ISABELLEA.C\DOCUMENTS\UNIVERSITé\LOGICIELS ET MATERIELS GRAPHIQUES\PROJET\BASEOPENGL\BASEOPENGL\DEBUG\CAMERA.OBJ
C:\USERS\ISABELLEA.C\DOCUMENTS\UNIVERSITé\LOGICIELS ET MATERIELS GRAPHIQUES\PROJET\BASEOPENGL\BASEOPENGL\DEBUG\LIGHT.OBJ
C:\USERS\ISABELLEA.C\DOCUMENTS\UNIVERSITé\LOGICIELS ET MATERIELS GRAPHIQUES\PROJET\BASEOPENGL\BASEOPENGL\DEBUG\OBJECTMATERIAL.OBJ
C:\USERS\ISABELLEA.C\DOCUMENTS\UNIVERSITé\LOGICIELS ET MATERIELS GRAPHIQUES\PROJET\BASEOPENGL\BASEOPENGL\DEBUG\SCENEGRAPH.OBJ
C:\USERS\ISABELLEA.C\DOCUMENTS\UNIVERSITé\LOGICIELS ET MATERIELS GRAPHIQUES\PROJET\BASEOPENGL\BASEOPENGL\DEBUG\SHADER.OBJ
C:\USERS\ISABELLEA.C\DOCUMENTS\UNIVERSITé\LOGICIELS ET MATERIELS GRAPHIQUES\PROJET\BASEOPENGL\BASEOPENGL\DEBUG\SHADERPROGRAM.OBJ
C:\USERS\ISABELLEA.C\DOCUMENTS\UNIVERSITé\LOGICIELS ET MATERIELS GRAPHIQUES\PROJET\BASEOPENGL\BASEOPENGL\DEBUG\BASICRENDERABLEOBJECT.OBJ
C:\USERS\ISABELLEA.C\DOCUMENTS\UNIVERSITé\LOGICIELS ET MATERIELS GRAPHIQUES\PROJET\BASEOPENGL\BASEOPENGL\DEBUG\BILLBOARD.OBJ
C:\USERS\ISABELLEA.C\DOCUMENTS\UNIVERSITé\LOGICIELS ET MATERIELS GRAPHIQUES\PROJET\BASEOPENGL\DEBUG\BASEOPENGL.ILK
C:\USERS\ISABELLEA.C\DOCUMENTS\UNIVERSITé\LOGICIELS ET MATERIELS GRAPHIQUES\PROJET\BASEOPENGL\DEBUG\BASEOPENGL.EXE
C:\USERS\ISABELLEA.C\DOCUMENTS\UNIVERSITÉ\LOGICIELS ET MATERIELS GRAPHIQUES\PROJET\BASEOPENGL\DEBUG\BASEOPENGL.PDB
C:\Users\IsabelleA.C\Documents\Université\Logiciels et materiels graphiques\Projet\BaseOpenGL\BaseOpenGL\Debug\BaseOpenGL.obj
C:\Users\IsabelleA.C\Documents\Université\Logiciels et materiels graphiques\Projet\BaseOpenGL\BaseOpenGL\Debug\BasicRenderableObject.obj
C:\Users\IsabelleA.C\Documents\Université\Logiciels et materiels graphiques\Projet\BaseOpenGL\BaseOpenGL\Debug\Billboard.obj
C:\Users\IsabelleA.C\Documents\Université\Logiciels et materiels graphiques\Projet\BaseOpenGL\BaseOpenGL\Debug\Camera.obj
C:\Users\IsabelleA.C\Documents\Université\Logiciels et materiels graphiques\Projet\BaseOpenGL\BaseOpenGL\Debug\Light.obj
C:\Users\IsabelleA.C\Documents\Université\Logiciels et materiels graphiques\Projet\BaseOpenGL\BaseOpenGL\Debug\ObjectMaterial.obj
C:\Users\IsabelleA.C\Documents\Université\Logiciels et materiels graphiques\Projet\BaseOpenGL\BaseOpenGL\Debug\SceneGraph.obj
C:\Users\IsabelleA.C\Documents\Université\Logiciels et materiels graphiques\Projet\BaseOpenGL\BaseOpenGL\Debug\Shader.obj
C:\Users\IsabelleA.C\Documents\Université\Logiciels et materiels graphiques\Projet\BaseOpenGL\BaseOpenGL\Debug\ShaderProgram.obj
C:\Users\IsabelleA.C\Documents\Université\Logiciels et materiels graphiques\Projet\BaseOpenGL\BaseOpenGL\Debug\stdafx.obj
C:\Users\IsabelleA.C\Documents\Université\Logiciels et materiels graphiques\Projet\BaseOpenGL\BaseOpenGL\Debug\cl.command.1.tlog
C:\Users\IsabelleA.C\Documents\Université\Logiciels et materiels graphiques\Projet\BaseOpenGL\BaseOpenGL\Debug\CL.read.1.tlog
C:\Users\IsabelleA.C\Documents\Université\Logiciels et materiels graphiques\Projet\BaseOpenGL\BaseOpenGL\Debug\CL.write.1.tlog
C:\Users\IsabelleA.C\Documents\Université\Logiciels et materiels graphiques\Projet\BaseOpenGL\BaseOpenGL\Debug\link-cvtres.read.1.tlog
C:\Users\IsabelleA.C\Documents\Université\Logiciels et materiels graphiques\Projet\BaseOpenGL\BaseOpenGL\Debug\link-cvtres.write.1.tlog
C:\Users\IsabelleA.C\Documents\Université\Logiciels et materiels graphiques\Projet\BaseOpenGL\BaseOpenGL\Debug\link-rc.read.1.tlog
C:\Users\IsabelleA.C\Documents\Université\Logiciels et materiels graphiques\Projet\BaseOpenGL\BaseOpenGL\Debug\link-rc.write.1.tlog
C:\Users\IsabelleA.C\Documents\Université\Logiciels et materiels graphiques\Projet\BaseOpenGL\BaseOpenGL\Debug\link.1208-cvtres.read.1.tlog
C:\Users\IsabelleA.C\Documents\Université\Logiciels et materiels graphiques\Projet\BaseOpenGL\BaseOpenGL\Debug\link.1208-cvtres.write.1.tlog
C:\Users\IsabelleA.C\Documents\Université\Logiciels et materiels graphiques\Projet\BaseOpenGL\BaseOpenGL\Debug\link.1208-rc.read.1.tlog
C:\Users\IsabelleA.C\Documents\Université\Logiciels et materiels graphiques\Projet\BaseOpenGL\BaseOpenGL\Debug\link.1208-rc.write.1.tlog
C:\Users\IsabelleA.C\Documents\Université\Logiciels et materiels graphiques\Projet\BaseOpenGL\BaseOpenGL\Debug\link.1208.read.1.tlog
C:\Users\IsabelleA.C\Documents\Université\Logiciels et materiels graphiques\Projet\BaseOpenGL\BaseOpenGL\Debug\link.1208.write.1.tlog
C:\Users\IsabelleA.C\Documents\Université\Logiciels et materiels graphiques\Projet\BaseOpenGL\BaseOpenGL\Debug\link.2616-cvtres.read.1.tlog
C:\Users\IsabelleA.C\Documents\Université\Logiciels et materiels graphiques\Projet\BaseOpenGL\BaseOpenGL\Debug\link.2616-cvtres.write.1.tlog
C:\Users\IsabelleA.C\Documents\Université\Logiciels et materiels graphiques\Projet\BaseOpenGL\BaseOpenGL\Debug\link.2616-rc.read.1.tlog
C:\Users\IsabelleA.C\Documents\Université\Logiciels et materiels graphiques\Projet\BaseOpenGL\BaseOpenGL\Debug\link.2616-rc.write.1.tlog
C:\Users\IsabelleA.C\Documents\Université\Logiciels et materiels graphiques\Projet\BaseOpenGL\BaseOpenGL\Debug\link.2616.read.1.tlog
C:\Users\IsabelleA.C\Documents\Université\Logiciels et materiels graphiques\Projet\BaseOpenGL\BaseOpenGL\Debug\link.2616.write.1.tlog
C:\Users\IsabelleA.C\Documents\Université\Logiciels et materiels graphiques\Projet\BaseOpenGL\BaseOpenGL\Debug\link.2804-cvtres.read.1.tlog
C:\Users\IsabelleA.C\Documents\Université\Logiciels et materiels graphiques\Projet\BaseOpenGL\BaseOpenGL\Debug\link.2804-cvtres.write.1.tlog
C:\Users\IsabelleA.C\Documents\Université\Logiciels et materiels graphiques\Projet\BaseOpenGL\BaseOpenGL\Debug\link.2804-rc.read.1.tlog
C:\Users\IsabelleA.C\Documents\Université\Logiciels et materiels graphiques\Projet\BaseOpenGL\BaseOpenGL\Debug\link.2804-rc.write.1.tlog
C:\Users\IsabelleA.C\Documents\Université\Logiciels et materiels graphiques\Projet\BaseOpenGL\BaseOpenGL\Debug\link.2804.read.1.tlog
C:\Users\IsabelleA.C\Documents\Université\Logiciels et materiels graphiques\Projet\BaseOpenGL\BaseOpenGL\Debug\link.2804.write.1.tlog
C:\Users\IsabelleA.C\Documents\Université\Logiciels et materiels graphiques\Projet\BaseOpenGL\BaseOpenGL\Debug\link.2808-cvtres.read.1.tlog
C:\Users\IsabelleA.C\Documents\Université\Logiciels et materiels graphiques\Projet\BaseOpenGL\BaseOpenGL\Debug\link.2808-cvtres.write.1.tlog
C:\Users\IsabelleA.C\Documents\Université\Logiciels et materiels graphiques\Projet\BaseOpenGL\BaseOpenGL\Debug\link.2808-rc.read.1.tlog
C:\Users\IsabelleA.C\Documents\Université\Logiciels et materiels graphiques\Projet\BaseOpenGL\BaseOpenGL\Debug\link.2808-rc.write.1.tlog
C:\Users\IsabelleA.C\Documents\Université\Logiciels et materiels graphiques\Projet\BaseOpenGL\BaseOpenGL\Debug\link.2808.read.1.tlog
C:\Users\IsabelleA.C\Documents\Université\Logiciels et materiels graphiques\Projet\BaseOpenGL\BaseOpenGL\Debug\link.2808.write.1.tlog
C:\Users\IsabelleA.C\Documents\Université\Logiciels et materiels graphiques\Projet\BaseOpenGL\BaseOpenGL\Debug\link.4236-cvtres.read.1.tlog
C:\Users\IsabelleA.C\Documents\Université\Logiciels et materiels graphiques\Projet\BaseOpenGL\BaseOpenGL\Debug\link.4236-cvtres.write.1.tlog
C:\Users\IsabelleA.C\Documents\Université\Logiciels et materiels graphiques\Projet\BaseOpenGL\BaseOpenGL\Debug\link.4236-rc.read.1.tlog
C:\Users\IsabelleA.C\Documents\Université\Logiciels et materiels graphiques\Projet\BaseOpenGL\BaseOpenGL\Debug\link.4236-rc.write.1.tlog
C:\Users\IsabelleA.C\Documents\Université\Logiciels et materiels graphiques\Projet\BaseOpenGL\BaseOpenGL\Debug\link.4236.read.1.tlog
C:\Users\IsabelleA.C\Documents\Université\Logiciels et materiels graphiques\Projet\BaseOpenGL\BaseOpenGL\Debug\link.4236.write.1.tlog
C:\Users\IsabelleA.C\Documents\Université\Logiciels et materiels graphiques\Projet\BaseOpenGL\BaseOpenGL\Debug\link.5000-cvtres.read.1.tlog
C:\Users\IsabelleA.C\Documents\Université\Logiciels et materiels graphiques\Projet\BaseOpenGL\BaseOpenGL\Debug\link.5000-cvtres.write.1.tlog
C:\Users\IsabelleA.C\Documents\Université\Logiciels et materiels graphiques\Projet\BaseOpenGL\BaseOpenGL\Debug\link.5000-rc.read.1.tlog
C:\Users\IsabelleA.C\Documents\Université\Logiciels et materiels graphiques\Projet\BaseOpenGL\BaseOpenGL\Debug\link.5000-rc.write.1.tlog
C:\Users\IsabelleA.C\Documents\Université\Logiciels et materiels graphiques\Projet\BaseOpenGL\BaseOpenGL\Debug\link.5000.read.1.tlog
C:\Users\IsabelleA.C\Documents\Université\Logiciels et materiels graphiques\Projet\BaseOpenGL\BaseOpenGL\Debug\link.5000.write.1.tlog
C:\Users\IsabelleA.C\Documents\Université\Logiciels et materiels graphiques\Projet\BaseOpenGL\BaseOpenGL\Debug\link.5028-cvtres.read.1.tlog
C:\Users\IsabelleA.C\Documents\Université\Logiciels et materiels graphiques\Projet\BaseOpenGL\BaseOpenGL\Debug\link.5028-cvtres.write.1.tlog
C:\Users\IsabelleA.C\Documents\Université\Logiciels et materiels graphiques\Projet\BaseOpenGL\BaseOpenGL\Debug\link.5028-rc.read.1.tlog
C:\Users\IsabelleA.C\Documents\Université\Logiciels et materiels graphiques\Projet\BaseOpenGL\BaseOpenGL\Debug\link.5028-rc.write.1.tlog
C:\Users\IsabelleA.C\Documents\Université\Logiciels et materiels graphiques\Projet\BaseOpenGL\BaseOpenGL\Debug\link.5028.read.1.tlog
C:\Users\IsabelleA.C\Documents\Université\Logiciels et materiels graphiques\Projet\BaseOpenGL\BaseOpenGL\Debug\link.5028.write.1.tlog
C:\Users\IsabelleA.C\Documents\Université\Logiciels et materiels graphiques\Projet\BaseOpenGL\BaseOpenGL\Debug\link.5172-cvtres.read.1.tlog
C:\Users\IsabelleA.C\Documents\Université\Logiciels et materiels graphiques\Projet\BaseOpenGL\BaseOpenGL\Debug\link.5172-cvtres.write.1.tlog
C:\Users\IsabelleA.C\Documents\Université\Logiciels et materiels graphiques\Projet\BaseOpenGL\BaseOpenGL\Debug\link.5172-rc.read.1.tlog
C:\Users\IsabelleA.C\Documents\Université\Logiciels et materiels graphiques\Projet\BaseOpenGL\BaseOpenGL\Debug\link.5172-rc.write.1.tlog
C:\Users\IsabelleA.C\Documents\Université\Logiciels et materiels graphiques\Projet\BaseOpenGL\BaseOpenGL\Debug\link.5172.read.1.tlog
C:\Users\IsabelleA.C\Documents\Université\Logiciels et materiels graphiques\Projet\BaseOpenGL\BaseOpenGL\Debug\link.5172.write.1.tlog
C:\Users\IsabelleA.C\Documents\Université\Logiciels et materiels graphiques\Projet\BaseOpenGL\BaseOpenGL\Debug\link.5332-cvtres.read.1.tlog
C:\Users\IsabelleA.C\Documents\Université\Logiciels et materiels graphiques\Projet\BaseOpenGL\BaseOpenGL\Debug\link.5332-cvtres.write.1.tlog
C:\Users\IsabelleA.C\Documents\Université\Logiciels et materiels graphiques\Projet\BaseOpenGL\BaseOpenGL\Debug\link.5332-rc.read.1.tlog
C:\Users\IsabelleA.C\Documents\Université\Logiciels et materiels graphiques\Projet\BaseOpenGL\BaseOpenGL\Debug\link.5332-rc.write.1.tlog
C:\Users\IsabelleA.C\Documents\Université\Logiciels et materiels graphiques\Projet\BaseOpenGL\BaseOpenGL\Debug\link.5332.read.1.tlog
C:\Users\IsabelleA.C\Documents\Université\Logiciels et materiels graphiques\Projet\BaseOpenGL\BaseOpenGL\Debug\link.5332.write.1.tlog
C:\Users\IsabelleA.C\Documents\Université\Logiciels et materiels graphiques\Projet\BaseOpenGL\BaseOpenGL\Debug\link.5996-cvtres.read.1.tlog
C:\Users\IsabelleA.C\Documents\Université\Logiciels et materiels graphiques\Projet\BaseOpenGL\BaseOpenGL\Debug\link.5996-cvtres.write.1.tlog
C:\Users\IsabelleA.C\Documents\Université\Logiciels et materiels graphiques\Projet\BaseOpenGL\BaseOpenGL\Debug\link.5996-rc.read.1.tlog
C:\Users\IsabelleA.C\Documents\Université\Logiciels et materiels graphiques\Projet\BaseOpenGL\BaseOpenGL\Debug\link.5996-rc.write.1.tlog
C:\Users\IsabelleA.C\Documents\Université\Logiciels et materiels graphiques\Projet\BaseOpenGL\BaseOpenGL\Debug\link.5996.read.1.tlog
C:\Users\IsabelleA.C\Documents\Université\Logiciels et materiels graphiques\Projet\BaseOpenGL\BaseOpenGL\Debug\link.5996.write.1.tlog
C:\Users\IsabelleA.C\Documents\Université\Logiciels et materiels graphiques\Projet\BaseOpenGL\BaseOpenGL\Debug\link.776-cvtres.read.1.tlog
C:\Users\IsabelleA.C\Documents\Université\Logiciels et materiels graphiques\Projet\BaseOpenGL\BaseOpenGL\Debug\link.776-cvtres.write.1.tlog
C:\Users\IsabelleA.C\Documents\Université\Logiciels et materiels graphiques\Projet\BaseOpenGL\BaseOpenGL\Debug\link.776-rc.read.1.tlog
C:\Users\IsabelleA.C\Documents\Université\Logiciels et materiels graphiques\Projet\BaseOpenGL\BaseOpenGL\Debug\link.776-rc.write.1.tlog
C:\Users\IsabelleA.C\Documents\Université\Logiciels et materiels graphiques\Projet\BaseOpenGL\BaseOpenGL\Debug\link.776.read.1.tlog
C:\Users\IsabelleA.C\Documents\Université\Logiciels et materiels graphiques\Projet\BaseOpenGL\BaseOpenGL\Debug\link.776.write.1.tlog
C:\Users\IsabelleA.C\Documents\Université\Logiciels et materiels graphiques\Projet\BaseOpenGL\BaseOpenGL\Debug\link.command.1.tlog
C:\Users\IsabelleA.C\Documents\Université\Logiciels et materiels graphiques\Projet\BaseOpenGL\BaseOpenGL\Debug\link.read.1.tlog
C:\Users\IsabelleA.C\Documents\Université\Logiciels et materiels graphiques\Projet\BaseOpenGL\BaseOpenGL\Debug\link.write.1.tlog
C:\Users\IsabelleA.C\Documents\Université\Logiciels et materiels graphiques\Projet\BaseOpenGL\BaseOpenGL\Debug\BaseOpenGL.pch
C:\Users\IsabelleA.C\Documents\Université\Logiciels et materiels graphiques\Projet\BaseOpenGL\BaseOpenGL\Debug\vc110.idb
C:\Users\IsabelleA.C\Documents\Université\Logiciels et materiels graphiques\Projet\BaseOpenGL\BaseOpenGL\Debug\vc110.pdb
C:\Users\IsabelleA.C\Documents\Université\Logiciels et materiels graphiques\Projet\BaseOpenGL\Debug\BaseOpenGL.pdb
C:\Users\IsabelleA.C\Documents\Université\Logiciels et materiels graphiques\Projet\BaseOpenGL\Debug\BaseOpenGL.exe
C:\Users\IsabelleA.C\Documents\Université\Logiciels et materiels graphiques\Projet\BaseOpenGL\Debug\BaseOpenGL.ilk
