C:\USERS\ISABELLEA.C\DOCUMENTS\UNIVERSITé\LOGICIELS ET MATERIELS GRAPHIQUES\PROJET\BASEOPENGL\BASEOPENGL\RELEASE\BASEOPENGL.PCH
C:\USERS\ISABELLEA.C\DOCUMENTS\UNIVERSITé\LOGICIELS ET MATERIELS GRAPHIQUES\PROJET\BASEOPENGL\BASEOPENGL\RELEASE\STDAFX.OBJ
C:\USERS\ISABELLEA.C\DOCUMENTS\UNIVERSITÉ\LOGICIELS ET MATERIELS GRAPHIQUES\PROJET\BASEOPENGL\BASEOPENGL\RELEASE\VC110.PDB
C:\USERS\ISABELLEA.C\DOCUMENTS\UNIVERSITé\LOGICIELS ET MATERIELS GRAPHIQUES\PROJET\BASEOPENGL\BASEOPENGL\RELEASE\BASEOPENGL.OBJ
C:\USERS\ISABELLEA.C\DOCUMENTS\UNIVERSITé\LOGICIELS ET MATERIELS GRAPHIQUES\PROJET\BASEOPENGL\BASEOPENGL\RELEASE\BASICRENDERABLEOBJECT.OBJ
C:\USERS\ISABELLEA.C\DOCUMENTS\UNIVERSITé\LOGICIELS ET MATERIELS GRAPHIQUES\PROJET\BASEOPENGL\BASEOPENGL\RELEASE\SHADERPROGRAM.OBJ
C:\USERS\ISABELLEA.C\DOCUMENTS\UNIVERSITé\LOGICIELS ET MATERIELS GRAPHIQUES\PROJET\BASEOPENGL\BASEOPENGL\RELEASE\SHADER.OBJ
C:\USERS\ISABELLEA.C\DOCUMENTS\UNIVERSITé\LOGICIELS ET MATERIELS GRAPHIQUES\PROJET\BASEOPENGL\BASEOPENGL\RELEASE\SCENEGRAPH.OBJ
C:\USERS\ISABELLEA.C\DOCUMENTS\UNIVERSITé\LOGICIELS ET MATERIELS GRAPHIQUES\PROJET\BASEOPENGL\BASEOPENGL\RELEASE\OBJECTMATERIAL.OBJ
C:\USERS\ISABELLEA.C\DOCUMENTS\UNIVERSITé\LOGICIELS ET MATERIELS GRAPHIQUES\PROJET\BASEOPENGL\BASEOPENGL\RELEASE\LIGHT.OBJ
C:\USERS\ISABELLEA.C\DOCUMENTS\UNIVERSITé\LOGICIELS ET MATERIELS GRAPHIQUES\PROJET\BASEOPENGL\BASEOPENGL\RELEASE\CAMERA.OBJ
C:\USERS\ISABELLEA.C\DOCUMENTS\UNIVERSITé\LOGICIELS ET MATERIELS GRAPHIQUES\PROJET\BASEOPENGL\RELEASE\BASEOPENGL.EXE
C:\USERS\ISABELLEA.C\DOCUMENTS\UNIVERSITÉ\LOGICIELS ET MATERIELS GRAPHIQUES\PROJET\BASEOPENGL\RELEASE\BASEOPENGL.PDB
C:\Users\IsabelleA.C\Documents\Université\Logiciels et materiels graphiques\Projet\BaseOpenGL\BaseOpenGL\Release\BaseOpenGL.obj
C:\Users\IsabelleA.C\Documents\Université\Logiciels et materiels graphiques\Projet\BaseOpenGL\BaseOpenGL\Release\BasicRenderableObject.obj
C:\Users\IsabelleA.C\Documents\Université\Logiciels et materiels graphiques\Projet\BaseOpenGL\BaseOpenGL\Release\Camera.obj
C:\Users\IsabelleA.C\Documents\Université\Logiciels et materiels graphiques\Projet\BaseOpenGL\BaseOpenGL\Release\Light.obj
C:\Users\IsabelleA.C\Documents\Université\Logiciels et materiels graphiques\Projet\BaseOpenGL\BaseOpenGL\Release\ObjectMaterial.obj
C:\Users\IsabelleA.C\Documents\Université\Logiciels et materiels graphiques\Projet\BaseOpenGL\BaseOpenGL\Release\SceneGraph.obj
C:\Users\IsabelleA.C\Documents\Université\Logiciels et materiels graphiques\Projet\BaseOpenGL\BaseOpenGL\Release\Shader.obj
C:\Users\IsabelleA.C\Documents\Université\Logiciels et materiels graphiques\Projet\BaseOpenGL\BaseOpenGL\Release\ShaderProgram.obj
C:\Users\IsabelleA.C\Documents\Université\Logiciels et materiels graphiques\Projet\BaseOpenGL\BaseOpenGL\Release\stdafx.obj
C:\Users\IsabelleA.C\Documents\Université\Logiciels et materiels graphiques\Projet\BaseOpenGL\BaseOpenGL\Release\cl.command.1.tlog
C:\Users\IsabelleA.C\Documents\Université\Logiciels et materiels graphiques\Projet\BaseOpenGL\BaseOpenGL\Release\CL.read.1.tlog
C:\Users\IsabelleA.C\Documents\Université\Logiciels et materiels graphiques\Projet\BaseOpenGL\BaseOpenGL\Release\CL.write.1.tlog
C:\Users\IsabelleA.C\Documents\Université\Logiciels et materiels graphiques\Projet\BaseOpenGL\BaseOpenGL\Release\link-cvtres.read.1.tlog
C:\Users\IsabelleA.C\Documents\Université\Logiciels et materiels graphiques\Projet\BaseOpenGL\BaseOpenGL\Release\link-cvtres.write.1.tlog
C:\Users\IsabelleA.C\Documents\Université\Logiciels et materiels graphiques\Projet\BaseOpenGL\BaseOpenGL\Release\link-rc.read.1.tlog
C:\Users\IsabelleA.C\Documents\Université\Logiciels et materiels graphiques\Projet\BaseOpenGL\BaseOpenGL\Release\link-rc.write.1.tlog
C:\Users\IsabelleA.C\Documents\Université\Logiciels et materiels graphiques\Projet\BaseOpenGL\BaseOpenGL\Release\link.command.1.tlog
C:\Users\IsabelleA.C\Documents\Université\Logiciels et materiels graphiques\Projet\BaseOpenGL\BaseOpenGL\Release\link.read.1.tlog
C:\Users\IsabelleA.C\Documents\Université\Logiciels et materiels graphiques\Projet\BaseOpenGL\BaseOpenGL\Release\link.write.1.tlog
C:\Users\IsabelleA.C\Documents\Université\Logiciels et materiels graphiques\Projet\BaseOpenGL\BaseOpenGL\Release\BaseOpenGL.pch
C:\Users\IsabelleA.C\Documents\Université\Logiciels et materiels graphiques\Projet\BaseOpenGL\BaseOpenGL\Release\vc110.pdb
C:\Users\IsabelleA.C\Documents\Université\Logiciels et materiels graphiques\Projet\BaseOpenGL\Release\BaseOpenGL.pdb
C:\Users\IsabelleA.C\Documents\Université\Logiciels et materiels graphiques\Projet\BaseOpenGL\Release\BaseOpenGL.exe
